make.exe all --print-data-base --no-builtin-variables --no-builtin-rules --question
# GNU Make 4.2.1
# Built for x86_64-w64-mingw32
# Copyright (C) 1988-2016 Free Software Foundation, Inc.
# License GPLv3+: GNU GPL version 3 or later <http://gnu.org/licenses/gpl.html>
# This is free software: you are free to change and redistribute it.
# There is NO WARRANTY, to the extent permitted by law.

# Make data base, printed on Sun May 30 18:04:25 2021

# Variables

# 'override' directive
GNUMAKEFLAGS := 
# automatic
<D = $(patsubst %/,%,$(patsubst %\,%,$(dir $<)))
# automatic
?F = $(notdir $?)
# default
.SHELLFLAGS := -c
# makefile
MAKEFLAGS = pqrR
# environment
VSCODE_LOG_NATIVE = false
# automatic
?D = $(patsubst %/,%,$(patsubst %\,%,$(dir $?)))
# automatic
@D = $(patsubst %/,%,$(patsubst %\,%,$(dir $@)))
# environment
HOMEDRIVE = C:
# automatic
@F = $(notdir $@)
# automatic
^D = $(patsubst %/,%,$( 
patsubst %\,%,$(dir $^)))
# makefile
CURDIR := h:/ISUCourses/CS327/hackerrank/hackerrankchallenge
# default
SHELL := sh.exe
# makefile (from 'Makefile', line 4)
RM = rm -f
# makefile (from 'Makefile', line 13)
BIN = hack
# environment
WINDIR = C:\WINDOWS
# environment
VSCODE_NLS_CONFIG = {"locale":"en-us","availableLanguages":{},"_languagePackSupport":true}
# environment
VBOX_MSI_INSTALL_PATH = G:\VirtualBox\
# makefile (from 'Makefile', line 8)
CFLAGS = -Wall -Werror -ggdb3 -funroll-loops -g -DTERM=$(TERM)
# environment
ONEDRIVE = C:\Users\Test\OneDrive\Desktop\onedrive
# environment
PATHEXT = .COM;.EXE;.BAT;.CMD;.VBS;.VBE;.JS;.JSE;.WSF;.WSH;.MSC
# makefile (from 'sorting-array-of-strings.d', line 1)
MAKEFILE_LIST :=  Makefile sorting-array-of-strings.d
# environment
VSCODE_NODE_CACHED_DATA_DIR = C:\Users\Test\AppData\Roaming\Code\CachedData\cfa2e218100323074ac1948c885448fdf4de2a7f
# environment
TMP = C:\Users\Test\AppData\Local\Temp
# makefile (from 'Makefile', line 9)
CXXFLAGS = -Wall -Werror -ggdb3 -funroll-loops -g -DTERM=$(TERM)
# environment
VSCODE_VERBOSE_LOGGING = true
# environment
PROGRAMW6432 = C:\Program Files
# makefile (from 'Makefile', line 14)
OBJS = sorting-array-of-strings.o 
# environment
PROGRAMDATA = C:\ProgramData
# environment
VSCODE_IPC_HOOK_EXTHOST = \\.\pipe\vscode-ipc-57f01ccb-feea-4f40-8273-3b0cb5358277-sock
# environment
VSCODE_CWD = G:\Users\Test\AppData\Local\Programs\Microsoft VS Code
# default
MAKE_HOST := x86_64-w64-mingw32
# environment
PATH = C:\Program Files (x86)\Common Files\Oracle\Java\javapath;C:\WINDOWS\system32;C:\WINDOWS;C:\WINDOWS\System32\Wbem;C:\WINDOWS\System32\WindowsPowerShell\v1.0\;C:\WINDOWS\System32\OpenSSH\;C:\Program Files\MATLAB\R2020a\bin;C:\Program Files\PuTTY\;G:\Program Files\MiKTeX\miktex\bin\x64\;C:\Program Files\Git\cmd;C:/Program Files/Graphviz/bin/;G:\Users\Test\AppData\Local\Programs\Microsoft VS Code\bin;G:\Program Files\mingw-w64\x86_64-8.1.0-posix-seh-rt_v6-rev0\mingw64\bin;
# environment
COMMONPROGRAMW6432 = C:\Program Files\Common Files
# environment
PROCESSOR_ARCHITECTURE = AMD64
# environment
USERPROFILE = C:\Users\Test
# environment
ALLUSERSPROFILE = C:\ProgramData
# environment
VSCODE_LOG_STACK = false
# environment
NUMBER_OF_PROCESSORS = 8
# environment
ELECTRON_RUN_AS_NODE = 1
# makefile (from 'Makefile', line 11)
LDFLAGS = -lncurses
# default
.FEATURES := target-specific order-only second-expansion else-if shortest-stem undefine oneshell archives jobserver output-sync
# makefile (from 'Makefile', line 3)
ECHO = echo
# automatic
%F = $(notdir $%)
# environment
CHROME_CRASHPAD_PIPE_NAME = \\.\pipe\crashpad_192720_RBZVRKTFJADFWVMM
# environment
VSCODE_PIPE_LOGGING = true
# environment
COMPUTERNAME = DESKTOP-H2NHFC5
# environment
PROGRAMFILES = C:\Program Files
# default
.LOADED := 
# environment
DRIVERDATA = C:\Windows\System32\Drivers\DriverData
# environment
ORIGINAL_XDG_CURRENT_DESKTOP = undefined
# environment
USERNAME = Test
# environment
PUBLIC = C:\Users\Public
# environment
VSCODE_AMD_ENTRYPOINT = vs/workbench/services/extensions/node/extensionHostProcess
# environment
APPLICATION_INSIGHTS_NO_DIAGNOSTIC_CHANNEL = true
# environment
COMMONPROGRAMFILES = C:\Program Files\Common Files
# environment
LOGONSERVER = \\DESKTOP-H2NHFC5
# environment
ONEDRIVECONSUMER = C:\Users\Test\OneDrive\Desktop\onedrive
# environment
VSCODE_HANDLES_UNCAUGHT_ERRORS = true
# environment
USERDOMAIN = DESKTOP-H2NHFC5
# environment
MAKELEVEL := 0
# default
MAKE = $(MAKE_COMMAND)
# default
MAKECMDGOALS := all
# makefile (from 'Makefile', line 1)
CC = gcc
# default
MAKE_VERSION := 4.2.1
# makefile
.DEFAULT_GOAL := all
# environment
PROGRAMFILES(X86) = C:\Program Files (x86)
# automatic
%D = $(patsubst %/,%,$(patsubst %\,%,$(dir $%)))
# environment
LOCALAPPDATA = C:\Users\Test\AppData\Local
# environment
PSMODULEPATH = C:\Program Files\WindowsPowerShell\Modules;C:\WINDOWS\system32\WindowsPowerShell\v1.0\Modules
# default
MAKE_COMMAND := make.exe
# default
.VARIABLES := 
# automatic
*F = $(notdir $*)
# environment
PROCESSOR_IDENTIFIER = Intel64 Family 6 Model 94 Stepping 3, GenuineIntel
# environment
OS = Windows_NT
# environment
VSCODE_IPC_HOOK = \\.\pipe\61977bc97743dc3fa0dfb3c490b9e9a8-1.56.0-main-sock
# environment
HOMEPATH = \Users\Test
# environment
COMMONPROGRAMFILES(X86) = C:\Program Files (x86)\Common Files
# environment
PROMPT = $P$G
# environment
MFLAGS = -pqrR
# automatic
*D = $(patsubst %/,%,$(patsubst %\,%,$(dir $*)))
# environment
SYSTEMROOT = C:\WINDOWS
# automatic
+D = $(patsubst %/,%,$(patsubst %\,%,$(dir $+)))
# automatic
+F = $(notdir $+)
# environmen 
t
APPDATA = C:\Users\Test\AppData\Roaming
# environment
TEMP = C:\Users\Test\AppData\Local\Temp
# environment
COMSPEC = C:\WINDOWS\system32\cmd.exe
# default
MAKEFILES := 
# automatic
<F = $(notdir $<)
# makefile (from 'Makefile', line 2)
CXX = g++
# environment
LC_ALL = C
# automatic
^F = $(notdir $^)
# default
SUFFIXES := 
# environment
SYSTEMDRIVE = C:
# environment
SESSIONNAME = Console
# environment
PROCESSOR_REVISION = 5e03
# environment
MOZ_PLUGIN_PATH = C:\Program Files (x86)\Foxit Software\Foxit Re 
ader\plugins\
# default
.RECIPEPREFIX := 
# environment
LANG = C
# environment
PROCESSOR_LEVEL = 6
# makefile (from 'Makefile', line 6)
TERM = "\"S2021\""
# environment
VSCODE_PID = 192720
# environment
USERDOMAIN_ROAMINGPROFILE = DESKTOP-H2NHFC5
# variable set hash-table stats:
# Load=103/1024=10%, Rehash=0, Collisions=18/137=13%

# Pattern-specific Variable Values

# No pattern-specific variable values.

# Directories

# . (key h:/ISUCourses/CS327/hackerrank/hackerrankchallenge, mtime 1619063873): 16 files, no impossibilities.

# 16 files, no impossibilities in 1 directories.

# Implicit Rules

%.o: %.c
#  recipe to execute (from 'Makefile', line 25):
	@$(ECHO) Compiling $<
	@$(CC) $(CFLAGS) -MMD -MF $*.d -c $<

%.o: %.cpp
#  recipe to execute (from 'Makefile', line 29):
	@$(ECHO) Compiling $<
	@$(CXX) $(CXXFLAGS) -MMD -MF $*.d -c $<

# 2 implicit rules, 0 (0.0%) terminal.

# Files

hack: sorting-array-of-strings.o
#  Implicit rule search has not been done.
#  File does not exist.
#  File has been updated.
#  Needs to be updated (-q is set).
# variable set hash-table stats:
# Load=0/32=0%, Rehash=0, Collisions=0/7=0%
#  recipe to execute (from 'Makefile', line 19):
	@$(ECHO) Linking $@
	@$(CXX) $^ -o $@ $(LDFLAGS)

all: hack etags
#  Phony target (prerequisite of .PHONY).
#  Command line target.
#  Implicit rule search has not been done.
#  File does not exist.
#  File has been updated.
#  Needs to be updated (-q is set).
# variable set hash-table stats:
# Load=0/32=0%, Rehash=0, Collisions=0/7=0%

.PHONY: all clean clobber etags
#  Implicit rule search has not been done.
#  Modification time never checked.
#  File has not been updated.

# Not a target:
Makefile:
#  Implicit rule search has been done.
#  Last modified 2021-04-20 17:45:02
#  File has been updated.
#  Successfully updated.

# Not a target:
sorting-array-of-strings.cpp:
#  Implicit rule search has been done.
#  Last modified 2021-04-21 22:27:59
#  File has been updated.
#  Successfully updated.

clobber: clean
#  Phony target (prerequisite of .PHONY).
#  Implicit rule search has not been done.
#  File does not exist.
#  File has not been updated.
#  recipe to execute (from 'Makefile', line 39):
	@$(ECHO) Removing backup files
	@$(RM) *~ \#* *pgm

# Not a target:
sorting-array-of-strings.d:
#  Implicit rule search has been done.
#  Last modified 2021-04-20 17:43:51
#  File has been updated.
#  Successfully updated.

# Not a target:
.DEFAULT:
#  Implicit rule search has not been done.
#  Modification time never checked.
#  File has not been updated.

clean:
#  Phony target (prerequisite of .PHONY).
#  Implicit rule search has not been done.
#  File does not exist.
#  File has not been updated.
#  recipe to execute (from 'Makefile', line 35):
	@$(ECHO) Removing all generated files
	@$(RM) *.o $(BIN) *.d TAGS core vgcore.* gmon.out

sorting-array-of-strings.o: sorting-array-of-strings.cpp sorting-array-of-strings.cpp
#  Implicit rule search has been done.
#  Implicit/static pattern stem: 'sorting-array-of-strings'
#  Last modified 2021-04-21 22:24:35
#  File has been updated.
#  Needs to be updated (-q is set).
# automatic
# @ := sorting-array-of-strings.o
# automatic
# % := 
# automatic
# * := sorting-array-of-strings
# automatic
# + := sorting-array-of-strings.cpp sorting-array-of-strings.cpp
# automatic
# | := 
# automatic
# < := sorting-array-of-strings.cpp
# automatic
# ^ := sorting-array-of-strings.cpp
# automatic
# ? := sorting-array-of-strings.cpp
# variable set hash-table stats:
# Load=8/32=25%, Rehash=0, Collisions=1/18=6%
#  recipe to execute (from 'Makefile', line 29):
	@$(ECHO) Compiling $<
	@$(CXX) $(CXXFLAGS) -MMD -MF $*.d -c $<

etags:
#  Phony target (prerequisite of .PHONY).
#  Implicit rule search has not been done.
#  File does not exist.
#  File has not been updated.
#  recipe to execute (from 'Makefile', line 43):
	@$(ECHO) Updating TAGS
	@etags *.[ch] *.cpp

# files hash-table stats:
# Load=12/1024=1%, Rehash=0, Collisions=0/41=0%
# VPATH Search Paths

# No 'vpath' search paths.

# No general ('VPATH' variable) search path.

# strcache  
buffers: 1 (0) / strings = 29 / storage = 360 B / avg = 12 B
# current buf: size = 8162 B / used = 360 B / count = 29 / avg = 12 B

# strcache performance: lookups = 55 / hit rate = 47%
# hash-table stats:
# Load=29/8192=0%, Rehash=0, Collisions=1/55=2%
# Finished Make data base on Sun May 30 18:04:25 2021

 
